mobile/build/app/outputs/mapping/release/mapping.txt
# compiler: R8
# compiler_version: 4.0.52
# min_api: 21
# common_typos_disable
# {"id":"com.android.tools.r8.mapping","version":"2.1"}
# pg_map_id: ba26909
# pg_map_hash: SHA-256 ba26909bc6a0830510f8beff5a62e1eaa912becb6b86b6ec14c0e6d837b7a3c6
...
androidx.core.app.NotificationCompatBuilder$Api28Impl$$ExternalSyntheticApiModelOutline0 -> androidx.core.app.f1:
# {"id":"sourceFile","fileName":"R8$$SyntheticClass"}
# {"id":"com.android.tools.r8.synthesized"}
    android.app.Notification$Action$Builder androidx.core.app.NotificationCompatBuilder$Api28Impl$$InternalSyntheticApiModelOutline$1$3afbfa1b86526893f04f3c964435c93f14e702c1c226339923e0491bae38df94$0.m(android.app.Notification$Action$Builder,int) -> a
      # {"id":"com.android.tools.r8.synthesized"}
androidx.core.app.NotificationCompatBuilder$Api29Impl -> androidx.core.app.s0$g:
    android.app.Notification$Builder setAllowSystemGeneratedContextualActions(android.app.Notification$Builder,boolean) -> a
    android.app.Notification$Builder setBubbleMetadata(android.app.Notification$Builder,android.app.Notification$BubbleMetadata) -> b
    android.app.Notification$Action$Builder setContextual(android.app.Notification$Action$Builder,boolean) -> c
    android.app.Notification$Builder setLocusId(android.app.Notification$Builder,java.lang.Object) -> d
androidx.core.app.NotificationCompatBuilder$Api29Impl$$ExternalSyntheticApiModelOutline0 -> androidx.core.app.g1:
# {"id":"sourceFile","fileName":"R8$$SyntheticClass"}
# {"id":"com.android.tools.r8.synthesized"}
    android.app.Notification$Builder androidx.core.app.NotificationCompatBuilder$Api29Impl$$InternalSyntheticApiModelOutline$1$59946d44a21c87d9215e68137b5e89894ad55a46f9255a1ef144d69e0c4abe43$0.m(android.app.Notification$Builder,android.app.Notification$BubbleMetadata) -> a
      # {"id":"com.android.tools.r8.synthesized"}
androidx.core.app.NotificationCompatBuilder$Api29Impl$$ExternalSyntheticApiModelOutline1 -> androidx.core.app.h1:
# {"id":"sourceFile","fileName":"R8$$SyntheticClass"}
# {"id":"com.android.tools.r8.synthesized"}
    android.app.Notification$Action$Builder androidx.core.app.NotificationCompatBuilder$Api29Impl$$InternalSyntheticApiModelOutline$1$6a7686bb843df9871f3b8daefa2df5c370a72edec58e969410384feb7fbfb2bf$0.m(android.app.Notification$Action$Builder,boolean) -> a
      # {"id":"com.android.tools.r8.synthesized"}
androidx.core.app.NotificationCompatBuilder$Api29Impl$$ExternalSyntheticApiModelOutline2 -> androidx.core.app.i1:
# {"id":"sourceFile","fileName":"R8$$SyntheticClass"}
# {"id":"com.android.tools.r8.synthesized"}
    android.app.Notification$Builder androidx.core.app.NotificationCompatBuilder$Api29Impl$$InternalSyntheticApiModelOutline$1$829b2a24435b719f7b2bb73b03dc39eaced24944d00871db2365a54bceb60090$0.m(android.app.Notification$Builder,boolean) -> a
      # {"id":"com.android.tools.r8.synthesized"}
androidx.core.app.NotificationCompatBuilder$Api29Impl$$ExternalSyntheticApiModelOutline3 -> androidx.core.app.j1:
# {"id":"sourceFile","fileName":"R8$$SyntheticClass"}
# {"id":"com.android.tools.r8.synthesized"}
    android.app.Notification$Builder androidx.core.app.NotificationCompatBuilder$Api29Impl$$InternalSyntheticApiModelOutline$1$b681acdbc13d56d29bac9b925d7dc707397a9908894783eafba57266f8d00a1f$0.m(android.app.Notification$Builder,android.content.LocusId) -> a
      # {"id":"com.android.tools.r8.synthesized"}
androidx.core.app.NotificationCompatBuilder$Api31Impl -> androidx.core.app.s0$h:
    android.app.Notification$Action$Builder setAuthenticationRequired(android.app.Notification$Action$Builder,boolean) -> a
    android.app.Notification$Builder setForegroundServiceBehavior(android.app.Notification$Builder,int) -> b
androidx.core.app.NotificationCompatBuilder$Api31Impl$$ExternalSyntheticApiModelOutline0 -> androidx.core.app.k1:
# {"id":"sourceFile","fileName":"R8$$SyntheticClass"}
# {"id":"com.android.tools.r8.synthesized"}
    android.app.Notification$Builder androidx.core.app.NotificationCompatBuilder$Api31Impl$$InternalSyntheticApiModelOutline$1$df34fc4b8f6f0d07e9a8322c75840c2c4c4b239dc0bdba9d3a6ac61ff794bfc8$0.m(android.app.Notification$Builder,int) -> a
      # {"id":"com.android.tools.r8.synthesized"}