mobile/build/app/outputs/mapping/release/usage.txt
io.devslab.gemura.BuildConfig
io.devslab.gemura.R$anim
io.devslab.gemura.R$animator
io.devslab.gemura.R$attr
io.devslab.gemura.R$bool
io.devslab.gemura.R$color
io.devslab.gemura.R$dimen
io.devslab.gemura.R$drawable
io.devslab.gemura.R$id
io.devslab.gemura.R$integer
io.devslab.gemura.R$interpolator
io.devslab.gemura.R$layout
io.devslab.gemura.R$menu
io.devslab.gemura.R$mipmap
io.devslab.gemura.R$string
io.devslab.gemura.R$style
io.devslab.gemura.R$styleable
io.devslab.gemura.R$xml
io.devslab.gemura.R
...
com.google.android.gms.common.internal.zzak
com.google.android.gms.common.internal.zzal
com.google.android.gms.common.internal.zzh
com.google.android.gms.common.internal.zzi
com.google.android.gms.common.internal.zzj
com.google.android.gms.common.internal.zzo:
    public void <init>(android.content.ComponentName,int)
    public void <init>(java.lang.String,int,boolean)
com.google.android.gms.common.internal.zzs:
    final void zzi(java.util.concurrent.Executor)
    final void zzj(android.os.Looper)
com.google.android.gms.common.internal.zzu
com.google.android.gms.common.internal.zzx
com.google.android.gms.common.internal.zzy
com.google.android.gms.common.internal.zzz:
    public static com.google.android.gms.common.internal.zzaa zzg(android.os.IBinder)
com.google.android.gms.common.logging.Logger
com.google.android.gms.common.moduleinstall.InstallStatusListener
com.google.android.gms.common.moduleinstall.ModuleAvailabilityResponse$AvailabilityStatus
com.google.android.gms.common.moduleinstall.ModuleAvailabilityResponse
com.google.android.gms.common.moduleinstall.ModuleInstall
com.google.android.gms.common.moduleinstall.ModuleInstallClient
com.google.android.gms.common.moduleinstall.ModuleInstallIntentResponse
com.google.android.gms.common.moduleinstall.ModuleInstallRequest$Builder
com.google.android.gms.common.moduleinstall.ModuleInstallRequest
com.google.android.gms.common.moduleinstall.ModuleInstallResponse
com.google.android.gms.common.moduleinstall.ModuleInstallStatusCodes
com.google.android.gms.common.moduleinstall.ModuleInstallStatusUpdate$InstallState
com.google.android.gms.common.moduleinstall.ModuleInstallStatusUpdate$ProgressInfo
com.google.android.gms.common.moduleinstall.ModuleInstallStatusUpdate
com.google.android.gms.common.moduleinstall.internal.ApiFeatureRequest
com.google.android.gms.common.moduleinstall.internal.zaa
com.google.android.gms.common.moduleinstall.internal.zaaa
com.google.android.gms.common.moduleinstall.internal.zaab
com.google.android.gms.common.moduleinstall.internal.zab
com.google.android.gms.common.moduleinstall.internal.zac
com.google.android.gms.common.moduleinstall.internal.zad
com.google.android.gms.common.moduleinstall.internal.zae
com.google.android.gms.common.moduleinstall.internal.zaf
com.google.android.gms.common.moduleinstall.internal.zag
com.google.android.gms.common.moduleinstall.internal.zah
com.google.android.gms.common.moduleinstall.internal.zai
com.google.android.gms.common.moduleinstall.internal.zaj
com.google.android.gms.common.moduleinstall.internal.zak
com.google.android.gms.common.moduleinstall.internal.zal
com.google.android.gms.common.moduleinstall.internal.zam
com.google.android.gms.common.moduleinstall.internal.zan
com.google.android.gms.common.moduleinstall.internal.zao
com.google.android.gms.common.moduleinstall.internal.zap
com.google.android.gms.common.moduleinstall.internal.zaq
com.google.android.gms.common.moduleinstall.internal.zar
com.google.android.gms.common.moduleinstall.internal.zas
com.google.android.gms.common.moduleinstall.internal.zat
com.google.android.gms.common.moduleinstall.internal.zau
com.google.android.gms.common.moduleinstall.internal.zav
com.google.android.gms.common.moduleinstall.internal.zaw
com.google.android.gms.common.moduleinstall.internal.zax
com.google.android.gms.common.moduleinstall.internal.zay
com.google.android.gms.common.moduleinstall.internal.zaz
com.google.android.gms.common.moduleinstall.zaa
com.google.android.gms.common.moduleinstall.zab
com.google.android.gms.common.moduleinstall.zac
com.google.android.gms.common.moduleinstall.zad
com.google.android.gms.common.moduleinstall.zae
com.google.android.gms.common.providers.PooledExecutorsProvider$PooledExecutorFactory
com.google.android.gms.common.providers.PooledExecutorsProvider
com.google.android.gms.common.providers.zza
com.google.android.gms.common.server.FavaDiagnosticsEntity
com.google.android.gms.common.server.converter.StringToIntConverter